0 info it worked if it ends with ok
1 verbose cli [ '/usr/local/bin/node', '/usr/local/bin/npm', 'install', 'gulp' ]
2 info using npm@3.10.3
3 info using node@v6.7.0
4 silly loadCurrentTree Starting
5 silly install loadCurrentTree
6 silly install readLocalPackageData
7 silly fetchPackageMetaData gulp
8 silly fetchNamedPackageData gulp
9 silly mapToRegistry name gulp
10 silly mapToRegistry using default registry
11 silly mapToRegistry registry https://registry.npmjs.org/
12 silly mapToRegistry data Result {
12 silly mapToRegistry   raw: 'gulp',
12 silly mapToRegistry   scope: null,
12 silly mapToRegistry   escapedName: 'gulp',
12 silly mapToRegistry   name: 'gulp',
12 silly mapToRegistry   rawSpec: '',
12 silly mapToRegistry   spec: 'latest',
12 silly mapToRegistry   type: 'tag' }
13 silly mapToRegistry uri https://registry.npmjs.org/gulp
14 verbose request uri https://registry.npmjs.org/gulp
15 verbose request no auth needed
16 info attempt registry request try #1 at 2:54:28 PM
17 verbose request id 933269c677ecd99e
18 http request GET https://registry.npmjs.org/gulp
19 http 200 https://registry.npmjs.org/gulp
20 verbose headers { server: 'CouchDB/1.5.0 (Erlang OTP/R16B03)',
20 verbose headers   etag: '"AZOSNZXREITXNCU91HLU97OAA"',
20 verbose headers   'content-type': 'application/json',
20 verbose headers   'content-encoding': 'gzip',
20 verbose headers   'cache-control': 'max-age=300',
20 verbose headers   'content-length': '19076',
20 verbose headers   'accept-ranges': 'bytes',
20 verbose headers   date: 'Mon, 10 Oct 2016 14:54:33 GMT',
20 verbose headers   via: '1.1 varnish',
20 verbose headers   age: '184',
20 verbose headers   connection: 'keep-alive',
20 verbose headers   'x-served-by': 'cache-lhr6351-LHR',
20 verbose headers   'x-cache': 'HIT',
20 verbose headers   'x-cache-hits': '2',
20 verbose headers   'x-timer': 'S1476111273.885413,VS0,VE0',
20 verbose headers   vary: 'Accept-Encoding' }
21 silly get cb [ 200,
21 silly get   { server: 'CouchDB/1.5.0 (Erlang OTP/R16B03)',
21 silly get     etag: '"AZOSNZXREITXNCU91HLU97OAA"',
21 silly get     'content-type': 'application/json',
21 silly get     'content-encoding': 'gzip',
21 silly get     'cache-control': 'max-age=300',
21 silly get     'content-length': '19076',
21 silly get     'accept-ranges': 'bytes',
21 silly get     date: 'Mon, 10 Oct 2016 14:54:33 GMT',
21 silly get     via: '1.1 varnish',
21 silly get     age: '184',
21 silly get     connection: 'keep-alive',
21 silly get     'x-served-by': 'cache-lhr6351-LHR',
21 silly get     'x-cache': 'HIT',
21 silly get     'x-cache-hits': '2',
21 silly get     'x-timer': 'S1476111273.885413,VS0,VE0',
21 silly get     vary: 'Accept-Encoding' } ]
22 verbose get saving gulp to /.npm/registry.npmjs.org/gulp/.cache.json
23 verbose correctMkdir /.npm correctMkdir not in flight; initializing
24 verbose makeDirectory /.npm creation not in flight; initializing
25 silly makeDirectory /.npm uid: 82 gid: 0
26 silly install normalizeTree
27 silly loadCurrentTree Finishing
28 silly loadIdealTree Starting
29 silly install loadIdealTree
30 silly cloneCurrentTree Starting
31 silly install cloneCurrentTreeToIdealTree
32 silly cloneCurrentTree Finishing
33 silly loadShrinkwrap Starting
34 silly install loadShrinkwrap
35 silly loadShrinkwrap Finishing
36 silly loadAllDepsIntoIdealTree Starting
37 silly install loadAllDepsIntoIdealTree
38 silly resolveWithNewModule gulp@3.9.1 checking installable status
39 silly cache add args [ 'gulp', null ]
40 verbose cache add spec gulp
41 silly cache add parsed spec Result {
41 silly cache add   raw: 'gulp',
41 silly cache add   scope: null,
41 silly cache add   escapedName: 'gulp',
41 silly cache add   name: 'gulp',
41 silly cache add   rawSpec: '',
41 silly cache add   spec: 'latest',
41 silly cache add   type: 'tag' }
42 silly addNamed gulp@latest
43 verbose addNamed "latest" is being treated as a dist-tag for gulp
44 info addNameTag [ 'gulp', 'latest' ]
45 silly mapToRegistry name gulp
46 silly mapToRegistry using default registry
47 silly mapToRegistry registry https://registry.npmjs.org/
48 silly mapToRegistry data Result {
48 silly mapToRegistry   raw: 'gulp',
48 silly mapToRegistry   scope: null,
48 silly mapToRegistry   escapedName: 'gulp',
48 silly mapToRegistry   name: 'gulp',
48 silly mapToRegistry   rawSpec: '',
48 silly mapToRegistry   spec: 'latest',
48 silly mapToRegistry   type: 'tag' }
49 silly mapToRegistry uri https://registry.npmjs.org/gulp
50 verbose addNameTag registry:https://registry.npmjs.org/gulp not in flight; fetching
51 verbose request uri https://registry.npmjs.org/gulp
52 verbose request no auth needed
53 info attempt registry request try #1 at 2:54:34 PM
54 http request GET https://registry.npmjs.org/gulp
55 http 200 https://registry.npmjs.org/gulp
56 verbose headers { server: 'CouchDB/1.5.0 (Erlang OTP/R16B03)',
56 verbose headers   etag: '"AZOSNZXREITXNCU91HLU97OAA"',
56 verbose headers   'content-type': 'application/json',
56 verbose headers   'content-encoding': 'gzip',
56 verbose headers   'cache-control': 'max-age=300',
56 verbose headers   'content-length': '19076',
56 verbose headers   'accept-ranges': 'bytes',
56 verbose headers   date: 'Mon, 10 Oct 2016 14:54:34 GMT',
56 verbose headers   via: '1.1 varnish',
56 verbose headers   age: '184',
56 verbose headers   connection: 'keep-alive',
56 verbose headers   'x-served-by': 'cache-lhr6351-LHR',
56 verbose headers   'x-cache': 'HIT',
56 verbose headers   'x-cache-hits': '3',
56 verbose headers   'x-timer': 'S1476111274.180592,VS0,VE0',
56 verbose headers   vary: 'Accept-Encoding' }
57 silly get cb [ 200,
57 silly get   { server: 'CouchDB/1.5.0 (Erlang OTP/R16B03)',
57 silly get     etag: '"AZOSNZXREITXNCU91HLU97OAA"',
57 silly get     'content-type': 'application/json',
57 silly get     'content-encoding': 'gzip',
57 silly get     'cache-control': 'max-age=300',
57 silly get     'content-length': '19076',
57 silly get     'accept-ranges': 'bytes',
57 silly get     date: 'Mon, 10 Oct 2016 14:54:34 GMT',
57 silly get     via: '1.1 varnish',
57 silly get     age: '184',
57 silly get     connection: 'keep-alive',
57 silly get     'x-served-by': 'cache-lhr6351-LHR',
57 silly get     'x-cache': 'HIT',
57 silly get     'x-cache-hits': '3',
57 silly get     'x-timer': 'S1476111274.180592,VS0,VE0',
57 silly get     vary: 'Accept-Encoding' } ]
58 verbose get saving gulp to /.npm/registry.npmjs.org/gulp/.cache.json
59 verbose correctMkdir /.npm correctMkdir not in flight; initializing
60 silly addNameTag next cb for gulp with tag latest
61 silly addNamed gulp@3.9.1
62 verbose addNamed "3.9.1" is a plain semver version for gulp
63 silly mapToRegistry name gulp
64 silly mapToRegistry using default registry
65 silly mapToRegistry registry https://registry.npmjs.org/
66 silly mapToRegistry data Result {
66 silly mapToRegistry   raw: 'gulp',
66 silly mapToRegistry   scope: null,
66 silly mapToRegistry   escapedName: 'gulp',
66 silly mapToRegistry   name: 'gulp',
66 silly mapToRegistry   rawSpec: '',
66 silly mapToRegistry   spec: 'latest',
66 silly mapToRegistry   type: 'tag' }
67 silly mapToRegistry uri https://registry.npmjs.org/gulp
68 verbose addRemoteTarball https://registry.npmjs.org/gulp/-/gulp-3.9.1.tgz not in flight; adding
69 verbose addRemoteTarball [ 'https://registry.npmjs.org/gulp/-/gulp-3.9.1.tgz',
69 verbose addRemoteTarball   '571ce45928dd40af6514fc4011866016c13845b4' ]
70 info retry fetch attempt 1 at 2:54:34 PM
71 info attempt registry request try #1 at 2:54:34 PM
72 http fetch GET https://registry.npmjs.org/gulp/-/gulp-3.9.1.tgz
73 http fetch 200 https://registry.npmjs.org/gulp/-/gulp-3.9.1.tgz
74 silly fetchAndShaCheck shasum 571ce45928dd40af6514fc4011866016c13845b4
75 verbose addTmpTarball /tmp/npm-1-1682175f/registry.npmjs.org/gulp/-/gulp-3.9.1.tgz not in flight; adding
76 verbose addTmpTarball already have metadata; skipping unpack for gulp@3.9.1
77 verbose correctMkdir /.npm correctMkdir not in flight; initializing
78 silly rollbackFailedOptional Starting
79 silly rollbackFailedOptional Finishing
80 silly runTopLevelLifecycles Starting
81 silly runTopLevelLifecycles Finishing
82 silly install printInstalled
83 verbose stack Error: EACCES: permission denied, mkdir '/.npm'
83 verbose stack     at Error (native)
84 verbose cwd /usr/src/app
85 error Linux 4.4.0-38-generic
86 error argv "/usr/local/bin/node" "/usr/local/bin/npm" "install" "gulp"
87 error node v6.7.0
88 error npm  v3.10.3
89 error path /.npm
90 error code EACCES
91 error errno -13
92 error syscall mkdir
93 error Error: EACCES: permission denied, mkdir '/.npm'
93 error     at Error (native)
93 error  { Error: EACCES: permission denied, mkdir '/.npm'
93 error     at Error (native) errno: -13, code: 'EACCES', syscall: 'mkdir', path: '/.npm' }
94 error Please try running this command again as root/Administrator.
95 verbose exit [ -13, true ]
